[18:06:29] [Client thread/ERROR]: Can't find the resource index file: assets\indexes\1.8.json
[18:06:30] [Client thread/INFO]: Setting user: Player671
[18:06:30] [Client thread/INFO]: (Session ID is token:0:Player671)
[18:06:31] [Client thread/INFO]: LWJGL Version: 2.9.4
[18:06:31] [Client thread/INFO]: Reloading ResourceManager: Default
[18:06:31] [Client thread/ERROR]: Couldn't initialize twitch stream
[18:06:31] [Sound Library Loader/INFO]: Starting up SoundSystem...
[18:06:31] [Thread-6/INFO]: Initializing LWJGL OpenAL
[18:06:31] [Thread-6/INFO]: (The LWJGL binding of OpenAL.  For more information, see http://www.lwjgl.org)
[18:06:32] [Thread-6/INFO]: OpenAL initialized.
[18:06:32] [Sound Library Loader/INFO]: Sound engine started
[18:06:35] [Client thread/INFO]: Created: 512x512 textures-atlas
[18:06:38] [Client thread/WARN]: Unable to play unknown soundEvent: minecraft:gui.button.press
[18:06:39] [Server thread/INFO]: Starting integrated minecraft server version 1.8.8
[18:06:39] [Server thread/INFO]: Generating keypair
[18:06:39] [Server thread/INFO]: Preparing start region for level 0
[18:06:40] [Server thread/INFO]: Changing view distance to 12, from 10
[18:06:41] [Server thread/INFO]: Player671[local:E:f68d515e] logged in with entity id 389 at (467.9014486156849, 64.0, 222.35032585958953)
[18:06:41] [Server thread/INFO]: Player671 joined the game
[18:06:44] [Server thread/WARN]: Can't keep up! Did the system time change, or is the server overloaded? Running 3261ms behind, skipping 65 tick(s)
[18:06:45] [Client thread/WARN]: Unable to play unknown soundEvent: minecraft:step.grass
[18:06:45] [Client thread/WARN]: Unable to play unknown soundEvent: minecraft:music.game.creative
[18:06:46] [Client thread/WARN]: Unable to play unknown soundEvent: minecraft:step.grass
[18:06:46] [Client thread/WARN]: Unable to play unknown soundEvent: minecraft:step.grass
[18:06:47] [Client thread/WARN]: Unable to play unknown soundEvent: minecraft:step.grass
[18:06:47] [Client thread/WARN]: Unable to play unknown soundEvent: minecraft:step.grass
[18:06:48] [Client thread/WARN]: Unable to play unknown soundEvent: minecraft:step.grass
[18:06:48] [Client thread/WARN]: Unable to play unknown soundEvent: minecraft:step.grass
[18:06:48] [Client thread/WARN]: Unable to play unknown soundEvent: minecraft:step.grass
[18:06:49] [Client thread/WARN]: Unable to play unknown soundEvent: minecraft:step.grass
[18:06:50] [Client thread/WARN]: Unable to play unknown soundEvent: minecraft:step.grass
[18:06:50] [Client thread/WARN]: Unable to play unknown soundEvent: minecraft:dig.stone
[18:06:51] [Client thread/WARN]: Unable to play unknown soundEvent: minecraft:dig.stone
[18:06:51] [Client thread/WARN]: Unable to play unknown soundEvent: minecraft:dig.stone
[18:06:52] [Client thread/WARN]: Unable to play unknown soundEvent: minecraft:dig.stone
[18:06:54] [Client thread/WARN]: Unable to play unknown soundEvent: minecraft:mob.bat.takeoff
[18:06:54] [Client thread/WARN]: Unable to play unknown soundEvent: minecraft:mob.bat.takeoff
[18:06:54] [Client thread/WARN]: Unable to play unknown soundEvent: minecraft:mob.bat.takeoff
[18:06:54] [Client thread/WARN]: Unable to play unknown soundEvent: minecraft:mob.bat.takeoff
[18:06:56] [Client thread/WARN]: Unable to play unknown soundEvent: minecraft:dig.grass
[18:06:58] [Client thread/WARN]: Unable to play unknown soundEvent: minecraft:step.grass
[18:06:58] [Client thread/WARN]: Unable to play unknown soundEvent: minecraft:step.grass
[18:06:58] [Client thread/WARN]: Unable to play unknown soundEvent: minecraft:step.grass
[18:07:00] [Client thread/WARN]: Unable to play unknown soundEvent: minecraft:dig.grass
[18:07:00] [Client thread/WARN]: Unable to play unknown soundEvent: minecraft:random.pop
[18:07:01] [Client thread/WARN]: Unable to play unknown soundEvent: minecraft:game.player.swim.splash
[18:07:02] [Client thread/WARN]: Unable to play unknown soundEvent: minecraft:game.player.swim
[18:07:02] [Client thread/WARN]: Unable to play unknown soundEvent: minecraft:step.gravel
[18:07:03] [Client thread/WARN]: Unable to play unknown soundEvent: minecraft:game.player.swim.splash
[18:07:03] [Server thread/WARN]: Can't keep up! Did the system time change, or is the server overloaded? Running 2108ms behind, skipping 42 tick(s)
[18:07:05] [Client thread/WARN]: Unable to play unknown soundEvent: minecraft:step.grass
[18:07:06] [Client thread/WARN]: Unable to play unknown soundEvent: minecraft:dig.grass
[18:07:06] [Client thread/WARN]: Unable to play unknown soundEvent: minecraft:step.grass
[18:07:08] [Client thread/WARN]: Unable to play unknown soundEvent: minecraft:step.grass
[18:07:10] [Client thread/WARN]: Unable to play unknown soundEvent: minecraft:dig.grass
[18:07:13] [Client thread/WARN]: Unable to play unknown soundEvent: minecraft:game.player.swim.splash
[18:07:15] [Client thread/WARN]: Unable to play unknown soundEvent: minecraft:step.grass
[18:07:15] [Client thread/WARN]: Unable to play unknown soundEvent: minecraft:step.grass
[18:07:15] [Client thread/WARN]: Unable to play unknown soundEvent: minecraft:step.grass
[18:07:16] [Client thread/WARN]: Unable to play unknown soundEvent: minecraft:step.grass
[18:07:16] [Client thread/WARN]: Unable to play unknown soundEvent: minecraft:step.grass
[18:07:21] [Client thread/WARN]: Unable to play unknown soundEvent: minecraft:game.player.swim.splash
[18:07:21] [Client thread/WARN]: Unable to play unknown soundEvent: minecraft:game.player.swim.splash
[18:07:21] [Client thread/WARN]: Unable to play unknown soundEvent: minecraft:game.player.swim
[18:07:22] [Client thread/WARN]: Unable to play unknown soundEvent: minecraft:mob.bat.idle
[18:07:22] [Client thread/WARN]: Unable to play unknown soundEvent: minecraft:mob.bat.takeoff
[18:07:24] [Client thread/WARN]: Unable to play unknown soundEvent: minecraft:game.player.swim.splash
[18:07:24] [Client thread/WARN]: Unable to play unknown soundEvent: minecraft:game.player.swim.splash
[18:07:24] [Client thread/WARN]: Unable to play unknown soundEvent: minecraft:game.player.swim
[18:07:25] [Client thread/WARN]: Unable to play unknown soundEvent: minecraft:liquid.water
[18:07:27] [Client thread/WARN]: Unable to play unknown soundEvent: minecraft:step.grass
[18:07:27] [Client thread/WARN]: Unable to play unknown soundEvent: minecraft:step.sand
[18:07:27] [Client thread/WARN]: Unable to play unknown soundEvent: minecraft:step.grass
[18:07:28] [Client thread/WARN]: Unable to play unknown soundEvent: minecraft:dig.grass
[18:07:30] [Server thread/WARN]: Can't keep up! Did the system time change, or is the server overloaded? Running 8333ms behind, skipping 166 tick(s)
[18:07:31] [Client thread/WARN]: Unable to play unknown soundEvent: minecraft:game.player.swim.splash
[18:07:31] [Client thread/WARN]: Unable to play unknown soundEvent: minecraft:dig.grass
[18:07:31] [Client thread/WARN]: Unable to play unknown soundEvent: minecraft:step.grass
[18:07:32] [Client thread/WARN]: Unable to play unknown soundEvent: minecraft:step.grass
[18:07:32] [Client thread/WARN]: Unable to play unknown soundEvent: minecraft:step.grass
[18:07:32] [Client thread/WARN]: Unable to play unknown soundEvent: minecraft:step.grass
[18:07:33] [Client thread/WARN]: Unable to play unknown soundEvent: minecraft:step.grass
[18:07:33] [Client thread/WARN]: Unable to play unknown soundEvent: minecraft:step.grass
[18:07:34] [Client thread/WARN]: Unable to play unknown soundEvent: minecraft:step.grass
[18:07:35] [Client thread/WARN]: Unable to play unknown soundEvent: minecraft:step.grass
[18:07:35] [Client thread/WARN]: Unable to play unknown soundEvent: minecraft:step.grass
[18:07:35] [Client thread/WARN]: Unable to play unknown soundEvent: minecraft:step.grass
[18:07:35] [Client thread/WARN]: Unable to play unknown soundEvent: minecraft:step.grass
[18:07:38] [Client thread/WARN]: Unable to play unknown soundEvent: minecraft:game.player.swim.splash
[18:07:38] [Client thread/WARN]: Unable to play unknown soundEvent: minecraft:game.player.swim
[18:07:39] [Client thread/WARN]: Unable to play unknown soundEvent: minecraft:game.player.swim
[18:07:39] [Client thread/WARN]: Unable to play unknown soundEvent: minecraft:game.player.swim
[18:07:40] [Client thread/WARN]: Unable to play unknown soundEvent: minecraft:game.player.swim
[18:07:40] [Client thread/WARN]: Unable to play unknown soundEvent: minecraft:game.player.swim
[18:07:41] [Client thread/WARN]: Unable to play unknown soundEvent: minecraft:game.player.swim
[18:07:42] [Client thread/WARN]: Unable to play unknown soundEvent: minecraft:game.player.swim
[18:07:42] [Client thread/WARN]: Unable to play unknown soundEvent: minecraft:game.player.swim.splash
[18:07:42] [Client thread/WARN]: Unable to play unknown soundEvent: minecraft:game.player.swim
[18:07:43] [Client thread/WARN]: Unable to play unknown soundEvent: minecraft:game.player.swim
[18:07:43] [Client thread/WARN]: Unable to play unknown soundEvent: minecraft:game.player.swim.splash
[18:07:44] [Client thread/WARN]: Unable to play unknown soundEvent: minecraft:game.player.swim.splash
[18:07:44] [Client thread/WARN]: Unable to play unknown soundEvent: minecraft:game.player.swim
[18:07:44] [Client thread/WARN]: Unable to play unknown soundEvent: minecraft:game.player.swim.splash
[18:07:45] [Client thread/WARN]: Unable to play unknown soundEvent: minecraft:game.player.swim.splash
[18:07:45] [Client thread/WARN]: Unable to play unknown soundEvent: minecraft:game.player.swim
[18:07:45] [Client thread/WARN]: Unable to play unknown soundEvent: minecraft:step.sand
[18:07:46] [Client thread/WARN]: Unable to play unknown soundEvent: minecraft:game.player.swim.splash
[18:07:47] [Client thread/WARN]: Unable to play unknown soundEvent: minecraft:game.player.swim.splash
[18:07:47] [Client thread/WARN]: Unable to play unknown soundEvent: minecraft:game.player.swim.splash
[18:07:48] [Client thread/WARN]: Unable to play unknown soundEvent: minecraft:game.player.swim.splash
[18:07:48] [Client thread/WARN]: Unable to play unknown soundEvent: minecraft:game.player.swim.splash
[18:07:48] [Client thread/WARN]: Unable to play unknown soundEvent: minecraft:game.player.swim.splash
[18:07:48] [Client thread/WARN]: Unable to play unknown soundEvent: minecraft:game.player.swim.splash
[18:07:48] [Client thread/WARN]: Unable to play unknown soundEvent: minecraft:game.player.swim
[18:07:48] [Client thread/WARN]: Unable to play unknown soundEvent: minecraft:game.player.swim.splash
[18:07:48] [Client thread/WARN]: Unable to play unknown soundEvent: minecraft:game.player.swim.splash
[18:07:48] [Client thread/WARN]: Unable to play unknown soundEvent: minecraft:game.player.swim.splash
[18:07:48] [Client thread/WARN]: Unable to play unknown soundEvent: minecraft:game.player.swim.splash
[18:07:49] [Client thread/WARN]: Unable to play unknown soundEvent: minecraft:game.player.swim.splash
[18:07:49] [Client thread/WARN]: Unable to play unknown soundEvent: minecraft:game.player.swim
[18:07:49] [Client thread/WARN]: Unable to play unknown soundEvent: minecraft:game.player.swim.splash
[18:07:49] [Client thread/WARN]: Unable to play unknown soundEvent: minecraft:game.player.swim.splash
[18:07:49] [Client thread/WARN]: Unable to play unknown soundEvent: minecraft:game.player.swim
[18:07:50] [Client thread/WARN]: Unable to play unknown soundEvent: minecraft:game.player.swim.splash
[18:07:50] [Client thread/WARN]: Unable to play unknown soundEvent: minecraft:game.player.swim.splash
[18:07:50] [Client thread/WARN]: Unable to play unknown soundEvent: minecraft:game.player.swim
[18:07:50] [Client thread/WARN]: Unable to play unknown soundEvent: minecraft:step.gravel
[18:07:50] [Client thread/WARN]: Unable to play unknown soundEvent: minecraft:game.player.swim.splash
[18:07:50] [Client thread/WARN]: Unable to play unknown soundEvent: minecraft:game.player.swim.splash
[18:07:50] [Client thread/WARN]: Unable to play unknown soundEvent: minecraft:game.player.swim.splash
[18:07:50] [Client thread/WARN]: Unable to play unknown soundEvent: minecraft:game.player.swim
[18:07:50] [Client thread/WARN]: Unable to play unknown soundEvent: minecraft:game.player.swim.splash
[18:07:51] [Client thread/WARN]: Unable to play unknown soundEvent: minecraft:game.player.swim.splash
[18:07:51] [Client thread/WARN]: Unable to play unknown soundEvent: minecraft:game.player.swim.splash
[18:07:51] [Client thread/WARN]: Unable to play unknown soundEvent: minecraft:game.player.swim.splash
[18:07:51] [Client thread/WARN]: Unable to play unknown soundEvent: minecraft:game.player.swim.splash
[18:07:51] [Client thread/WARN]: Unable to play unknown soundEvent: minecraft:game.player.swim.splash
[18:07:51] [Client thread/WARN]: Unable to play unknown soundEvent: minecraft:game.player.swim.splash
[18:07:52] [Client thread/WARN]: Unable to play unknown soundEvent: minecraft:game.player.swim.splash
[18:07:52] [Client thread/WARN]: Unable to play unknown soundEvent: minecraft:game.player.swim.splash
[18:07:52] [Client thread/WARN]: Unable to play unknown soundEvent: minecraft:game.player.swim.splash
[18:07:52] [Client thread/WARN]: Unable to play unknown soundEvent: minecraft:game.player.swim.splash
[18:07:52] [Client thread/WARN]: Unable to play unknown soundEvent: minecraft:game.player.swim
[18:07:52] [Client thread/WARN]: Unable to play unknown soundEvent: minecraft:game.player.swim.splash
[18:07:52] [Client thread/WARN]: Unable to play unknown soundEvent: minecraft:game.player.swim.splash
[18:07:52] [Client thread/WARN]: Unable to play unknown soundEvent: minecraft:game.player.swim.splash
[18:07:52] [Client thread/WARN]: Unable to play unknown soundEvent: minecraft:game.player.swim
[18:07:52] [Client thread/WARN]: Unable to play unknown soundEvent: minecraft:game.player.swim.splash
[18:07:53] [Client thread/WARN]: Unable to play unknown soundEvent: minecraft:step.grass
[18:07:53] [Server thread/WARN]: Can't keep up! Did the system time change, or is the server overloaded? Running 2741ms behind, skipping 54 tick(s)
[18:07:54] [Client thread/WARN]: Unable to play unknown soundEvent: minecraft:step.grass
[18:07:54] [Client thread/WARN]: Unable to play unknown soundEvent: minecraft:step.grass
[18:07:55] [Client thread/WARN]: Unable to play unknown soundEvent: minecraft:step.grass
[18:07:55] [Client thread/WARN]: Unable to play unknown soundEvent: minecraft:step.grass
[18:07:55] [Client thread/WARN]: Unable to play unknown soundEvent: minecraft:step.grass
[18:07:55] [Client thread/WARN]: Unable to play unknown soundEvent: minecraft:step.grass
[18:07:55] [Client thread/WARN]: Unable to play unknown soundEvent: minecraft:step.grass
[18:07:56] [Client thread/WARN]: Unable to play unknown soundEvent: minecraft:step.grass
[18:07:56] [Client thread/WARN]: Unable to play unknown soundEvent: minecraft:step.grass
[18:07:56] [Client thread/WARN]: Unable to play unknown soundEvent: minecraft:step.grass
[18:07:57] [Client thread/WARN]: Unable to play unknown soundEvent: minecraft:step.grass
[18:07:58] [Client thread/WARN]: Unable to play unknown soundEvent: minecraft:step.grass
[18:07:58] [Client thread/WARN]: Unable to play unknown soundEvent: minecraft:step.grass
[18:07:58] [Client thread/WARN]: Unable to play unknown soundEvent: minecraft:step.grass
[18:07:59] [Client thread/WARN]: Unable to play unknown soundEvent: minecraft:step.grass
[18:07:59] [Client thread/WARN]: Unable to play unknown soundEvent: minecraft:step.grass
[18:08:00] [Client thread/WARN]: Unable to play unknown soundEvent: minecraft:step.grass
[18:08:01] [Client thread/WARN]: Unable to play unknown soundEvent: minecraft:step.grass
[18:08:01] [Client thread/WARN]: Unable to play unknown soundEvent: minecraft:step.grass
[18:08:01] [Client thread/WARN]: Unable to play unknown soundEvent: minecraft:step.grass
[18:08:01] [Client thread/WARN]: Unable to play unknown soundEvent: minecraft:step.grass
[18:08:02] [Client thread/WARN]: Unable to play unknown soundEvent: minecraft:step.grass
[18:08:02] [Client thread/WARN]: Unable to play unknown soundEvent: minecraft:step.grass
[18:08:02] [Client thread/WARN]: Unable to play unknown soundEvent: minecraft:step.grass
[18:08:02] [Client thread/WARN]: Unable to play unknown soundEvent: minecraft:dig.grass
[18:08:02] [Client thread/WARN]: Unable to play unknown soundEvent: minecraft:step.grass
[18:08:02] [Client thread/WARN]: Unable to play unknown soundEvent: minecraft:mob.rabbit.idle
[18:08:02] [Client thread/WARN]: Unable to play unknown soundEvent: minecraft:mob.chicken.step
[18:08:02] [Client thread/WARN]: Unable to play unknown soundEvent: minecraft:dig.grass
[18:08:03] [Client thread/WARN]: Unable to play unknown soundEvent: minecraft:step.grass
[18:08:03] [Client thread/WARN]: Unable to play unknown soundEvent: minecraft:dig.grass
[18:08:03] [Client thread/WARN]: Unable to play unknown soundEvent: minecraft:step.grass
[18:08:03] [Client thread/WARN]: Unable to play unknown soundEvent: minecraft:mob.chicken.step
[18:08:03] [Client thread/WARN]: Unable to play unknown soundEvent: minecraft:mob.chicken.step
[18:08:03] [Client thread/WARN]: Unable to play unknown soundEvent: minecraft:mob.chicken.step
[18:08:03] [Client thread/WARN]: Unable to play unknown soundEvent: minecraft:mob.chicken.step
[18:08:03] [Client thread/WARN]: Unable to play unknown soundEvent: minecraft:mob.chicken.step
[18:08:04] [Client thread/WARN]: Unable to play unknown soundEvent: minecraft:mob.chicken.say
[18:08:04] [Client thread/WARN]: Unable to play unknown soundEvent: minecraft:mob.chicken.step
[18:08:04] [Client thread/WARN]: Unable to play unknown soundEvent: minecraft:mob.chicken.step
[18:08:04] [Client thread/WARN]: Unable to play unknown soundEvent: minecraft:mob.chicken.step
[18:08:04] [Client thread/WARN]: Unable to play unknown soundEvent: minecraft:mob.rabbit.hop
[18:08:04] [Client thread/WARN]: Unable to play unknown soundEvent: minecraft:mob.rabbit.idle
[18:08:04] [Client thread/WARN]: Unable to play unknown soundEvent: minecraft:mob.chicken.step
[18:08:04] [Client thread/WARN]: Unable to play unknown soundEvent: minecraft:mob.chicken.step
[18:08:04] [Client thread/WARN]: Unable to play unknown soundEvent: minecraft:mob.rabbit.hop
[18:08:04] [Client thread/WARN]: Unable to play unknown soundEvent: minecraft:mob.chicken.say
[18:08:04] [Client thread/WARN]: Unable to play unknown soundEvent: minecraft:mob.rabbit.hop
[18:08:04] [Client thread/WARN]: Unable to play unknown soundEvent: minecraft:mob.chicken.say
[18:08:04] [Client thread/WARN]: Unable to play unknown soundEvent: minecraft:step.grass
[18:08:04] [Client thread/WARN]: Unable to play unknown soundEvent: minecraft:mob.rabbit.idle
[18:08:05] [Client thread/WARN]: Unable to play unknown soundEvent: minecraft:mob.rabbit.hop
[18:08:07] [Client thread/INFO]: Stopping!
[18:08:07] [Server thread/INFO]: Saving and pausing game...
[18:08:07] [Server thread/INFO]: Saving chunks for level 'New World'/Overworld
[18:08:08] [Server thread/INFO]: Saving chunks for level 'New World'/Nether
[18:08:08] [Server thread/INFO]: Saving chunks for level 'New World'/The End
[18:08:08] [Client thread/INFO]: SoundSystem shutting down...
[18:08:08] [Server thread/INFO]: Stopping server
[18:08:08] [Server thread/INFO]: Saving players
[18:08:08] [Server thread/INFO]: Saving worlds
[18:08:08] [Server thread/INFO]: Saving chunks for level 'New World'/Overworld
[18:08:08] [Server thread/INFO]: Saving chunks for level 'New World'/Nether
[18:08:08] [Server thread/INFO]: Saving chunks for level 'New World'/The End
[18:08:08] [Client thread/WARN]: Author: Paul Lamb, www.paulscode.com
